<?xml version="1.0" encoding="UTF-8"?>
<!-- Generated by org.testng.reporters.JUnitXMLReporter -->
<testsuite ignored="0" hostname="GERLSNARA2" failures="0" tests="13" name="Test" time="31.079" errors="0" timestamp="2021-03-04T18:48:12 EST">
  <testcase classname="test.AlertsTest" name="alertsTest" time="0.883"/>
  <testcase classname="test.AlertsTest" name="alertsTest" time="0.738"/>
  <testcase classname="test.AlertsTest" name="alertsTest" time="0.652"/>
  <testcase classname="test.AlertsTest" name="alertsTest" time="0.75"/>
  <testcase classname="test.AlertsTest" name="alertsTest" time="0.715"/>
  <testcase classname="test.AlertsTest" name="alertsTest" time="0.711"/>
  <testcase classname="test.AlertsTest" name="alertsTest" time="0.708"/>
  <testcase classname="test.AlertsTest" name="alertsTest" time="0.864"/>
  <testcase classname="test.AlertsTest" name="alertsTest" time="0.848"/>
  <testcase classname="test.AlertsTest" name="alertsTest" time="0.805"/>
  <testcase classname="test.RegisterTest" name="register" time="1.682"/>
  <testcase classname="test.RegisterTest" name="register" time="1.562"/>
  <testcase classname="test.FramesTest" name="framesTest" time="0.597"/>
</testsuite> <!-- Test -->
